<?xml version="1.0" encoding="UTF-8"?>
<testng-results skipped="0" failed="0" ignored="0" total="1" passed="1">
  <reporter-output>
  </reporter-output>
  <suite name="Default suite" duration-ms="3817" started-at="2020-07-16T14:10:02 EDT" finished-at="2020-07-16T14:10:05 EDT">
    <groups>
    </groups>
    <test name="Default test" duration-ms="3817" started-at="2020-07-16T14:10:02 EDT" finished-at="2020-07-16T14:10:05 EDT">
      <class name="rest.assured.api.demo.TC004_GET_Request_Headers">
        <test-method status="PASS" signature="printAllHeaders()[pri:0, instance:rest.assured.api.demo.TC004_GET_Request_Headers@1efed156]" name="printAllHeaders" duration-ms="3783" started-at="2020-07-16T14:10:02 EDT" finished-at="2020-07-16T14:10:05 EDT">
          <reporter-output>
          </reporter-output>
        </test-method> <!-- printAllHeaders -->
      </class> <!-- rest.assured.api.demo.TC004_GET_Request_Headers -->
    </test> <!-- Default test -->
  </suite> <!-- Default suite -->
</testng-results>
